0	1	mikrocAVR.exe -MSF -DBG -pATMEGA32 -DL -SSA -O11111114 -fo8 -BOOTSZ2048 -BOOTOP0 -N"C:\Users\Software\Desktop\3D Hall 3 Click Project\3D Hall 3 Click 4\example\c\AVR\SPI\Click_3D_Hall_3_AVR.mcpav" -SP"C:\Users\Public\Documents\Mikroelektronika\mikroC PRO for AVR\Defs\" -SP"C:\Users\Public\Documents\Mikroelektronika\mikroC PRO for AVR\Uses\lte64kw\" -SP"C:\Users\Software\Desktop\3D Hall 3 Click Project\3D Hall 3 Click 4\example\c\AVR\SPI\" -SP"C:\Users\Software\Desktop\3D Hall 3 Click Project\3D Hall 3 Click 4\library\HAL\" -SP"C:\Users\Software\Desktop\3D Hall 3 Click Project\3D Hall 3 Click 4\library\" -SP"C:\Users\Public\Documents\Mikroelektronika\mikroC PRO for AVR\Packages\mikroBUS Board Definition API\Uses\" -IP"C:\Users\Public\Documents\Mikroelektronika\mikroC PRO for AVR\Uses\lte64kw\" -IP"C:\Users\Software\Desktop\3D Hall 3 Click Project\3D Hall 3 Click 4\example\c\AVR\SPI\" -IP"C:\Users\Software\Desktop\3D Hall 3 Click Project\3D Hall 3 Click 4\library\" -IP"C:\Users\Software\Desktop\3D Hall 3 Click Project\3D Hall 3 Click 4\library\HAL\" -IP"C:\Users\Public\Documents\Mikroelektronika\mikroC PRO for AVR\Packages\mikroBUS Board Definition API\Uses\" "Click_3D_Hall_3_AVR.c" "__c3dhall3_Driver.c" "__Lib_Math.mcl" "__Lib_MathDouble.mcl" "__Lib_System.mcl" "__Lib_Delays.mcl" "__Lib_CString.mcl" "__Lib_Conversions.mcl" "__Lib_SPI_b7654_x2.mcl" "__Lib_TWI.mcl" "__Lib_UART_d01_ursel.mcl" "easyavr_v7_ATMEGA32.mcl" "Click_3D_Hall_3.pld"	 
diagnostics: 0	122	Compilation Started	stdint.h
diagnostics: 84	123	Compiled Successfully	Click_3D_Hall_3_AVR.c
diagnostics: 0	122	Compilation Started	stdint.h
hint: 142	1163	Variable 'spi_auxBufferOut' has been declared, but not used	__c3dhall3_Driver.c
hint: 143	1163	Variable 'i' has been declared, but not used	__c3dhall3_Driver.c
diagnostics: 368	123	Compiled Successfully	__c3dhall3_Driver.c
hint: 323	1164	Variable 'tmp' has been eliminated by optimizer	__c3dhall3_Driver.c
hint: 34	1164	Variable 'tmp' has been eliminated by optimizer	__c3dhall3_Driver.c
hint: 94	1164	Variable 'tmp' has been eliminated by optimizer	__c3dhall3_Driver.c
hint: 347	1164	Variable 'intPinStatus' has been eliminated by optimizer	__c3dhall3_Driver.c
diagnostics: 0	127	All files Compiled in 78 ms	 
hint: 0	1144	Used RX (bytes): 23 (72%)   Free RX (bytes): 9 (28%)	Used RX (bytes): 23 (72%)   Free RX (bytes): 9 (28%)
hint: 0	1144	Static RAM (bytes): 169   Dynamic RAM (bytes): 1879	Static RAM (bytes): 169   Dynamic RAM (bytes): 1879
hint: 0	1144	Used ROM (bytes): 6155 (21%)  Free ROM (bytes): 22517 (79%)	Used ROM (bytes): 6155 (21%)  Free ROM (bytes): 22517 (79%)
diagnostics: 0	125	Project Linked Successfully	Click_3D_Hall_3_AVR.mcpav
hint: 120	1004	Possible stack overflow: recursion or cross-calling detected.	__Lib_TWI.c
diagnostics: 0	128	Linked in 47 ms	 
diagnostics: 0	129	Project 'Click_3D_Hall_3_AVR.mcpav' completed: 156 ms	 
diagnostics: 0	103	Finished successfully: 09 Nov 2018, 14:54:17	Click_3D_Hall_3_AVR.mcpav
