0	1	mikroCdsPIC.exe -MSF -DBG -pP33FJ256GP710A -RA -DL -SSA -O11111114 -fo8 -N"C:\Users\Software\Desktop\3D Hall 3 Click Project\3D Hall 3 Click 4\example\c\DSPIC\SPI\Click_3D_Hall_3_DSPIC.mcpds" -SP"C:\Users\Public\Documents\Mikroelektronika\mikroC PRO for dsPIC\Defs\" -SP"C:\Users\Public\Documents\Mikroelektronika\mikroC PRO for dsPIC\Uses\" -SP"C:\Users\Software\Desktop\3D Hall 3 Click Project\3D Hall 3 Click 4\example\c\DSPIC\SPI\" -SP"C:\Users\Software\Desktop\3D Hall 3 Click Project\3D Hall 3 Click 4\library\HAL\" -SP"C:\Users\Software\Desktop\3D Hall 3 Click Project\3D Hall 3 Click 4\library\" -SP"C:\Users\Public\Documents\Mikroelektronika\mikroC PRO for dsPIC\Packages\mikroBUS Board Definition API\Uses\" -IP"C:\Users\Public\Documents\Mikroelektronika\mikroC PRO for dsPIC\Uses\" -IP"C:\Users\Software\Desktop\3D Hall 3 Click Project\3D Hall 3 Click 4\example\c\DSPIC\SPI\" -IP"C:\Users\Software\Desktop\3D Hall 3 Click Project\3D Hall 3 Click 4\library\" -IP"C:\Users\Software\Desktop\3D Hall 3 Click Project\3D Hall 3 Click 4\library\HAL\" -IP"C:\Users\Public\Documents\Mikroelektronika\mikroC PRO for dsPIC\Packages\mikroBUS Board Definition API\Uses\" "Click_3D_Hall_3_DSPIC.c" "__c3dhall3_Driver.c" "__Lib_Math.mcl" "__Lib_MathDouble.mcl" "__Lib_System.mcl" "__Lib_Delays.mcl" "__Lib_CString.mcl" "__Lib_Conversions.mcl" "__Lib_I2C_12_p24_p33.mcl" "__Lib_SPI_12.mcl" "__Lib_UART_12_p24_p33.mcl" "easypicfusion_v7_P33FJ256GP710A.mcl" "Click_3D_Hall_3.pld"	 
diagnostics: 0	121	Loading...	 
diagnostics: 0	122	Compilation Started	P33FJ256GP710A.c
diagnostics: 16800	123	Compiled Successfully	P33FJ256GP710A.c
diagnostics: 0	122	Compilation Started	__Lib_Delays.c
diagnostics: 695	123	Compiled Successfully	__Lib_Delays.c
diagnostics: 0	122	Compilation Started	stdint.h
diagnostics: 348	123	Compiled Successfully	easypicfusion_v7_P33FJ256GP710A.c
diagnostics: 0	122	Compilation Started	stdint.h
diagnostics: 85	123	Compiled Successfully	Click_3D_Hall_3_DSPIC.c
diagnostics: 0	122	Compilation Started	stdint.h
hint: 142	1163	Variable 'spi_auxBufferOut' has been declared, but not used	__c3dhall3_Driver.c
hint: 143	1163	Variable 'i' has been declared, but not used	__c3dhall3_Driver.c
diagnostics: 359	123	Compiled Successfully	__c3dhall3_Driver.c
hint: 323	1164	Variable 'tmp' has been eliminated by optimizer	__c3dhall3_Driver.c
hint: 34	1164	Variable 'tmp' has been eliminated by optimizer	__c3dhall3_Driver.c
hint: 95	1164	Variable 'tmp' has been eliminated by optimizer	__c3dhall3_Driver.c
diagnostics: 0	127	All files Compiled in 78 ms	 
hint: 0	1144	Used RX (bytes): 32 (100%)   Free RX (bytes): 0 (0%)	Used RX (bytes): 32 (100%)   Free RX (bytes): 0 (0%)
hint: 0	1144	Static RAM (bytes): 165   Dynamic RAM (bytes): 30554	Static RAM (bytes): 165   Dynamic RAM (bytes): 30554
hint: 0	1144	Used ROM (bytes): 4427 (3%)  Free ROM (bytes): 170677 (97%)	Used ROM (bytes): 4427 (3%)  Free ROM (bytes): 170677 (97%)
diagnostics: 0	125	Project Linked Successfully	Click_3D_Hall_3_DSPIC.mcpds
diagnostics: 0	128	Linked in 296 ms	 
diagnostics: 0	129	Project 'Click_3D_Hall_3_DSPIC.mcpds' completed: 1279 ms	 
diagnostics: 0	103	Finished successfully: 09 Nov 2018, 11:53:43	Click_3D_Hall_3_DSPIC.mcpds
