0	1	mikroCARM.exe -MSF -DBG -pSTM32F107VC -BIN -LHF -DL -SSA -O11111114 -fo72 -N"C:\Users\Software\Desktop\3D Hall 3 Click Project\3D Hall 3 Click 4\example\c\ARM\STM\STM_I2C\Click_3D_Hall_3_STM.mcpar" -SP"C:\Users\Public\Documents\Mikroelektronika\mikroC PRO for ARM\Defs\" -SP"C:\Users\Public\Documents\Mikroelektronika\mikroC PRO for ARM\Uses\ST M3\" -SP"C:\Users\Software\Desktop\3D Hall 3 Click Project\3D Hall 3 Click 4\example\c\ARM\STM\STM_I2C\" -SP"C:\Users\Software\Desktop\3D Hall 3 Click Project\3D Hall 3 Click 4\library\HAL\" -SP"C:\Users\Software\Desktop\3D Hall 3 Click Project\3D Hall 3 Click 4\library\" -SP"C:\Users\Public\Documents\Mikroelektronika\mikroC PRO for ARM\Packages\mikroBUS Board Definition API\Uses\" -IP"C:\Users\Public\Documents\Mikroelektronika\mikroC PRO for ARM\Uses\TI M3\" -IP"C:\Users\Software\Desktop\3D Hall 3 Click Project\3D Hall 3 Click 4\example\c\ARM\STM\STM_I2C\" -IP"C:\Users\Software\Desktop\3D Hall 3 Click Project\3D Hall 3 Click 4\library\" -IP"C:\Users\Software\Desktop\3D Hall 3 Click Project\3D Hall 3 Click 4\library\HAL\" -IP"C:\Users\Public\Documents\Mikroelektronika\mikroC PRO for ARM\Packages\mikroBUS Board Definition API\Uses\" "Click_3D_Hall_3_STM.c" "__c3dhall3_driver.c" "__Lib_Math.emcl" "__Lib_MathDouble.emcl" "__Lib_Delays.emcl" "__Lib_System_105_107.emcl" "__Lib_GPIO_32F10x_Defs.emcl" "__Lib_GPIO_32F10x.emcl" "__Lib_CString.emcl" "__Lib_Conversions.emcl" "__Lib_I2C_12.emcl" "__Lib_SPI_123.emcl" "__Lib_UART_123_45.emcl" "easymx_v7_STM32F107VC.emcl" "Click_3D_Hall_3.pld"	 
diagnostics: 0	122	Compilation Started	stdint.h
diagnostics: 84	123	Compiled Successfully	Click_3D_Hall_3_STM.c
diagnostics: 0	122	Compilation Started	stdint.h
hint: 142	1163	Variable 'spi_auxBufferOut' has been declared, but not used	__c3dhall3_driver.c
hint: 143	1163	Variable 'i' has been declared, but not used	__c3dhall3_driver.c
diagnostics: 368	123	Compiled Successfully	__c3dhall3_driver.c
hint: 323	1164	Variable 'tmp' has been eliminated by optimizer	__c3dhall3_driver.c
hint: 35	1164	Variable 'tmp' has been eliminated by optimizer	__c3dhall3_driver.c
hint: 84	1164	Variable 'tmp' has been eliminated by optimizer	__c3dhall3_driver.c
hint: 101	1164	Variable 'ptr' has been eliminated by optimizer	__c3dhall3_driver.c
hint: 109	1164	Variable 'ptr' has been eliminated by optimizer	__c3dhall3_driver.c
hint: 347	1164	Variable 'intPinStatus' has been eliminated by optimizer	__c3dhall3_driver.c
diagnostics: 0	127	All files Compiled in 78 ms	 
hint: 0	1144	Used RX: 16 (100%)   Free RX: 0 (0%)	Used RX: 16 (100%)   Free RX: 0 (0%)
hint: 0	1144	Static RAM (bytes): 223   Dynamic RAM (bytes): 65309	Static RAM (bytes): 223   Dynamic RAM (bytes): 65309
hint: 0	1144	Used ROM (bytes): 10403 (4%)  Free ROM (bytes): 251741 (96%)	Used ROM (bytes): 10403 (4%)  Free ROM (bytes): 251741 (96%)
diagnostics: 0	125	Project Linked Successfully	Click_3D_Hall_3_STM.mcpar
diagnostics: 0	128	Linked in 297 ms	 
diagnostics: 0	129	Project 'Click_3D_Hall_3_STM.mcpar' completed: 531 ms	 
diagnostics: 0	103	Finished successfully: 09 Nov 2018, 14:39:01	Click_3D_Hall_3_STM.mcpar
