0	1	mikroCARM.exe -MSF -DBG -pCEC1702 -RA -BIN -DL -SSA -O11111114 -fo48 -N"C:\Users\Software\Desktop\3D Hall 3 Click Project\3D Hall 3 Click 4\example\c\ARM\CEC\CEC_SPI\Click_3D_Hall_3_CEC.mcpar" -SP"C:\Users\Public\Documents\Mikroelektronika\mikroC PRO for ARM\Defs\" -SP"C:\Users\Public\Documents\Mikroelektronika\mikroC PRO for ARM\Uses\MCHP M4\" -SP"C:\Users\Software\Desktop\3D Hall 3 Click Project\3D Hall 3 Click 4\example\c\ARM\CEC\CEC_SPI\" -SP"C:\Users\Software\Desktop\3D Hall 3 Click Project\3D Hall 3 Click 4\library\HAL\" -SP"C:\Users\Software\Desktop\3D Hall 3 Click Project\3D Hall 3 Click 4\library\" -SP"C:\Users\Public\Documents\Mikroelektronika\mikroC PRO for ARM\Packages\mikroBUS Board Definition API\Uses\" -IP"C:\Users\Public\Documents\Mikroelektronika\mikroC PRO for ARM\Uses\MCHP M4\" -IP"C:\Users\Software\Desktop\3D Hall 3 Click Project\3D Hall 3 Click 4\example\c\ARM\CEC\CEC_SPI\" -IP"C:\Users\Software\Desktop\3D Hall 3 Click Project\3D Hall 3 Click 4\library\" -IP"C:\Users\Software\Desktop\3D Hall 3 Click Project\3D Hall 3 Click 4\library\HAL\" -IP"C:\Users\Public\Documents\Mikroelektronika\mikroC PRO for ARM\Packages\mikroBUS Board Definition API\Uses\" "Click_3D_Hall_3_CEC.c" "__c3dhall3_driver.c" "__Lib_Math.emcl" "__Lib_MathDouble.emcl" "__Lib_Delays.emcl" "__Lib_System_CEC1702.emcl" "__Lib_GPIO_CEC1702.emcl" "__Lib_CString.emcl" "__Lib_Conversions.emcl" "__Lib_I2C_1702.emcl" "__Lib_SPI_0.emcl" "__Lib_UART_01.emcl" "clicker_2_CEC1702.emcl" "Click_3D_Hall_3.pld"	 
diagnostics: 0	122	Compilation Started	CEC1702.c
diagnostics: 25822	123	Compiled Successfully	CEC1702.c
diagnostics: 0	122	Compilation Started	__Lib_Delays.c
diagnostics: 119	123	Compiled Successfully	__Lib_Delays.c
hint: 66	1164	Variable 'cycles_div_by_10' has been eliminated by optimizer	__Lib_Delays.c
hint: 88	1164	Variable 'NumberOfCyc' has been eliminated by optimizer	__Lib_Delays.c
hint: 105	1164	Variable 'NumberOfCyc' has been eliminated by optimizer	__Lib_Delays.c
diagnostics: 0	122	Compilation Started	stdint.h
warning: 31	1506	Implicit conversion of pointer to int	__c2_cec1702_spi.c
warning: 31	1506	Implicit conversion of pointer to int	__c2_cec1702_spi.c
warning: 37	1506	Implicit conversion of pointer to int	__c2_cec1702_spi.c
warning: 37	1506	Implicit conversion of pointer to int	__c2_cec1702_spi.c
diagnostics: 348	123	Compiled Successfully	clicker_2_CEC1702.c
hint: 51	1164	Variable 'cfg' has been eliminated by optimizer	clicker_2_CEC1702.c
hint: 56	1164	Variable 'cfg' has been eliminated by optimizer	clicker_2_CEC1702.c
diagnostics: 0	122	Compilation Started	stdint.h
diagnostics: 85	123	Compiled Successfully	Click_3D_Hall_3_CEC.c
diagnostics: 0	122	Compilation Started	stdint.h
hint: 142	1163	Variable 'spi_auxBufferOut' has been declared, but not used	__c3dhall3_driver.c
hint: 143	1163	Variable 'i' has been declared, but not used	__c3dhall3_driver.c
diagnostics: 359	123	Compiled Successfully	__c3dhall3_driver.c
hint: 323	1164	Variable 'tmp' has been eliminated by optimizer	__c3dhall3_driver.c
hint: 35	1164	Variable 'tmp' has been eliminated by optimizer	__c3dhall3_driver.c
hint: 84	1164	Variable 'tmp' has been eliminated by optimizer	__c3dhall3_driver.c
hint: 101	1164	Variable 'ptr' has been eliminated by optimizer	__c3dhall3_driver.c
hint: 109	1164	Variable 'ptr' has been eliminated by optimizer	__c3dhall3_driver.c
diagnostics: 0	127	All files Compiled in 93 ms	 
hint: 0	1144	Used RX: 16 (100%)   Free RX: 0 (0%)	Used RX: 16 (100%)   Free RX: 0 (0%)
hint: 0	1144	Static RAM (bytes): 255   Dynamic RAM (bytes): 65277	Static RAM (bytes): 255   Dynamic RAM (bytes): 65277
hint: 0	1144	Used ROM (bytes): 9605 (2%)  Free ROM (bytes): 416379 (98%)	Used ROM (bytes): 9605 (2%)  Free ROM (bytes): 416379 (98%)
diagnostics: 0	125	Project Linked Successfully	Click_3D_Hall_3_CEC.mcpar
diagnostics: 0	128	Linked in 250 ms	 
diagnostics: 0	129	Project 'Click_3D_Hall_3_CEC.mcpar' completed: 1248 ms	 
diagnostics: 0	103	Finished successfully: 09 Nov 2018, 11:39:12	Click_3D_Hall_3_CEC.mcpar
